Determining if the pthread_create exist failed with the following output:
Change Dir: /rok4-tobuild/build/CMakeFiles/CMakeTmp

Run Build Command:/usr/bin/make "cmTryCompileExec146076699/fast"
/usr/bin/make -f CMakeFiles/cmTryCompileExec146076699.dir/build.make CMakeFiles/cmTryCompileExec146076699.dir/build
make[1]: Entering directory `/rok4-tobuild/build/CMakeFiles/CMakeTmp'
/usr/bin/cmake -E cmake_progress_report /rok4-tobuild/build/CMakeFiles/CMakeTmp/CMakeFiles 1
Building C object CMakeFiles/cmTryCompileExec146076699.dir/CheckSymbolExists.c.o
/usr/bin/gcc    -o CMakeFiles/cmTryCompileExec146076699.dir/CheckSymbolExists.c.o   -c /rok4-tobuild/build/CMakeFiles/CMakeTmp/CheckSymbolExists.c
Linking C executable cmTryCompileExec146076699
/usr/bin/cmake -E cmake_link_script CMakeFiles/cmTryCompileExec146076699.dir/link.txt --verbose=1
/usr/bin/gcc         CMakeFiles/cmTryCompileExec146076699.dir/CheckSymbolExists.c.o  -o cmTryCompileExec146076699 -rdynamic 
CMakeFiles/cmTryCompileExec146076699.dir/CheckSymbolExists.c.o: In function `main':
CheckSymbolExists.c:(.text+0x16): undefined reference to `pthread_create'
collect2: error: ld returned 1 exit status
make[1]: *** [cmTryCompileExec146076699] Error 1
make[1]: Leaving directory `/rok4-tobuild/build/CMakeFiles/CMakeTmp'
make: *** [cmTryCompileExec146076699/fast] Error 2

File /rok4-tobuild/build/CMakeFiles/CMakeTmp/CheckSymbolExists.c:
/* */
#include <pthread.h>

int main(int argc, char** argv)
{
  (void)argv;
#ifndef pthread_create
  return ((int*)(&pthread_create))[argc];
#else
  (void)argc;
  return 0;
#endif
}

Determining if the function pthread_create exists in the pthreads failed with the following output:
Change Dir: /rok4-tobuild/build/CMakeFiles/CMakeTmp

Run Build Command:/usr/bin/make "cmTryCompileExec1305335316/fast"
/usr/bin/make -f CMakeFiles/cmTryCompileExec1305335316.dir/build.make CMakeFiles/cmTryCompileExec1305335316.dir/build
make[1]: Entering directory `/rok4-tobuild/build/CMakeFiles/CMakeTmp'
/usr/bin/cmake -E cmake_progress_report /rok4-tobuild/build/CMakeFiles/CMakeTmp/CMakeFiles 1
Building C object CMakeFiles/cmTryCompileExec1305335316.dir/CheckFunctionExists.c.o
/usr/bin/gcc   -DCHECK_FUNCTION_EXISTS=pthread_create   -o CMakeFiles/cmTryCompileExec1305335316.dir/CheckFunctionExists.c.o   -c /usr/share/cmake-2.8/Modules/CheckFunctionExists.c
Linking C executable cmTryCompileExec1305335316
/usr/bin/cmake -E cmake_link_script CMakeFiles/cmTryCompileExec1305335316.dir/link.txt --verbose=1
/usr/bin/gcc     -DCHECK_FUNCTION_EXISTS=pthread_create    CMakeFiles/cmTryCompileExec1305335316.dir/CheckFunctionExists.c.o  -o cmTryCompileExec1305335316 -rdynamic -lpthreads 
/usr/bin/ld: cannot find -lpthreads
collect2: error: ld returned 1 exit status
make[1]: *** [cmTryCompileExec1305335316] Error 1
make[1]: Leaving directory `/rok4-tobuild/build/CMakeFiles/CMakeTmp'
make: *** [cmTryCompileExec1305335316/fast] Error 2


